[ 2026-01-20 17:38:43,521 ] 1025 httpx - INFO - HTTP Request: GET https://dagshub.com/api/v1/user "HTTP/1.1 200 OK" 
[ 2026-01-20 17:38:43,533 ] 107 dagshub - INFO - Accessing as kirtanmandaviya 
[ 2026-01-20 17:38:45,065 ] 1025 httpx - INFO - HTTP Request: GET https://dagshub.com/api/v1/repos/kirtanmandaviya/NetworkSecuritySystem "HTTP/1.1 200 OK" 
[ 2026-01-20 17:38:46,579 ] 1025 httpx - INFO - HTTP Request: GET https://dagshub.com/api/v1/user "HTTP/1.1 200 OK" 
[ 2026-01-20 17:38:46,582 ] 107 dagshub - INFO - Initialized MLflow to track repo "kirtanmandaviya/NetworkSecuritySystem" 
[ 2026-01-20 17:38:46,583 ] 107 dagshub - INFO - Repository kirtanmandaviya/NetworkSecuritySystem initialized! 
[ 2026-01-20 17:38:46,590 ] 16 root - INFO - Initialte the data ingestion 
[ 2026-01-20 17:42:19,935 ] 75 root - INFO - Performe train test split on the dataframe 
[ 2026-01-20 17:42:19,935 ] 77 root - INFO - Exited split_data_as_train_test method of Data_ingestion class 
[ 2026-01-20 17:42:19,935 ] 86 root - INFO - Exporting train and test file path. 
[ 2026-01-20 17:42:19,983 ] 97 root - INFO - Exported Train and Test file path 
[ 2026-01-20 17:42:19,983 ] 19 root - INFO - Data initiate completed 
[ 2026-01-20 17:42:19,989 ] 24 root - INFO - Initiate data validation 
[ 2026-01-20 17:42:20,075 ] 36 root - INFO - Required number of columns : 2 
[ 2026-01-20 17:42:20,076 ] 37 root - INFO - Data frame has columns: 31 
[ 2026-01-20 17:42:20,198 ] 26 root - INFO - Data validation completed 
[ 2026-01-20 17:42:20,198 ] 36 root - INFO - Initiate data transformation 
[ 2026-01-20 17:42:20,198 ] 65 root - INFO - Entered initiate_data_transformation method of DataTransformation class 
[ 2026-01-20 17:42:20,198 ] 67 root - INFO - Starting data transformation 
[ 2026-01-20 17:42:20,215 ] 48 root - INFO - Entered get_data_transformer_object method of Transformation class 
[ 2026-01-20 17:42:20,215 ] 51 root - INFO - Initialise KNNImputer with {'missing_values': nan, 'n_neighbors': 3, 'weights': 'uniform'} 
[ 2026-01-20 17:42:20,230 ] 47 root - INFO - Entered the save_object method of MainUtils class 
[ 2026-01-20 17:42:20,234 ] 51 root - INFO - Exit the save_object method of MainUtils class 
[ 2026-01-20 17:42:20,234 ] 47 root - INFO - Entered the save_object method of MainUtils class 
[ 2026-01-20 17:42:20,237 ] 51 root - INFO - Exit the save_object method of MainUtils class 
[ 2026-01-20 17:42:20,238 ] 38 root - INFO - Data transformation completed 
[ 2026-01-20 17:42:20,238 ] 41 root - INFO - Model training started 
[ 2026-01-20 17:42:20,260 ] 138 root - INFO - Training and Testing data loaded 
[ 2026-01-20 17:46:21,437 ] 47 root - INFO - Entered the save_object method of MainUtils class 
[ 2026-01-20 17:46:21,443 ] 51 root - INFO - Exit the save_object method of MainUtils class 
[ 2026-01-20 17:46:21,443 ] 47 root - INFO - Entered the save_object method of MainUtils class 
[ 2026-01-20 17:46:21,448 ] 51 root - INFO - Exit the save_object method of MainUtils class 
[ 2026-01-20 17:46:21,448 ] 125 root - INFO - Model trainer artifact: ModelTrainerArtifact(trained_model_file_path='Artifacts\\01_20_2026_17_38_40\\model_trainer\\trained_model\\model.pkl', train_metric_artifact=ClassificationMetricArtifact(f1_score=0.9916085330098069, precision_score=0.9903069466882067, recall_score=0.9929135452520753), test_metric_artifact=ClassificationMetricArtifact(f1_score=0.9742541888026155, precision_score=0.9698942229454841, recall_score=0.9786535303776683)) 
[ 2026-01-20 17:46:21,449 ] 48 root - INFO - Model Training artifact created 
